<?xml version="1.0" encoding="UTF-8"?>
<!-- Generated by org.testng.reporters.JUnitReportReporter -->
<testsuite hostname="LAPTOP-T51A3O5O" failures="0" tests="1" name="ReadDatafromExcel.Comparedata" time="5.581" errors="0" timestamp="2022-11-02T21:35:52 IST" skipped="0">
  <testcase classname="ReadDatafromExcel.Comparedata" name="datacompare" time="5.581"/>
  <system-out/>
</testsuite> <!-- ReadDatafromExcel.Comparedata -->
