<?xml version="1.0" encoding="UTF-8"?>
<!-- Generated by org.testng.reporters.JUnitReportReporter -->
<testsuite hostname="LAPTOP-T51A3O5O" failures="0" tests="1" name="ReadDatafromExcel.ReaditOld" time="0.555" errors="0" timestamp="2022-11-01T21:36:53 IST" skipped="0">
  <testcase classname="ReadDatafromExcel.ReaditOld" name="readingdata" time="0.555"/>
  <system-out/>
</testsuite> <!-- ReadDatafromExcel.ReaditOld -->
