<?xml version="1.0" encoding="UTF-8"?>
<!-- Generated by org.testng.reporters.JUnitReportReporter -->
<testsuite hostname="LAPTOP-T51A3O5O" failures="0" tests="1" name="Xpath1.AndOrXpath1" time="5.392" errors="0" timestamp="2022-11-03T22:03:24 IST" skipped="0">
  <testcase classname="Xpath1.AndOrXpath1" name="Andorcheck" time="5.392"/>
  <system-out/>
</testsuite> <!-- Xpath1.AndOrXpath1 -->
