<?xml version="1.0" encoding="UTF-8"?>
<!-- Generated by org.testng.reporters.JUnitReportReporter -->
<testsuite hostname="LAPTOP-T51A3O5O" failures="0" tests="1" name="RerunFailed.Class1" time="0.002" errors="0" timestamp="2022-10-29T21:50:29 IST" skipped="0">
  <testcase classname="RerunFailed.Class1" name="A" time="0.002"/>
  <system-out/>
</testsuite> <!-- RerunFailed.Class1 -->
