<?xml version="1.0" encoding="UTF-8"?>
<!-- Generated by org.testng.reporters.JUnitReportReporter -->
<testsuite hostname="LAPTOP-T51A3O5O" failures="0" tests="1" name="Annotations1.AnnotationClass" time="0.009" errors="0" timestamp="2022-10-29T21:33:23 IST" skipped="0">
  <testcase classname="Annotations1.AnnotationClass" name="TESTCASE01" time="0.009"/>
  <system-out/>
</testsuite> <!-- Annotations1.AnnotationClass -->
