<?xml version="1.0" encoding="UTF-8"?>
<!-- Generated by org.testng.reporters.JUnitReportReporter -->
<testsuite hostname="LAPTOP-T51A3O5O" failures="0" tests="1" name="ReadDatafromExcel.Comparedatarandom" time="12.599" errors="0" timestamp="2022-11-02T21:50:18 IST" skipped="0">
  <testcase classname="ReadDatafromExcel.Comparedatarandom" name="datacompare" time="12.599"/>
  <system-out/>
</testsuite> <!-- ReadDatafromExcel.Comparedatarandom -->
