<?xml version="1.0" encoding="UTF-8"?>
<!-- Generated by org.testng.reporters.JUnitReportReporter -->
<testsuite hostname="LAPTOP-T51A3O5O" failures="0" tests="1" name="Xpath1.Contains1" time="5.653" errors="0" timestamp="2022-11-03T21:58:25 IST" skipped="0">
  <testcase classname="Xpath1.Contains1" name="Startscheck" time="5.653"/>
  <system-out/>
</testsuite> <!-- Xpath1.Contains1 -->
