<?xml version="1.0" encoding="UTF-8"?>
<!-- Generated by org.testng.reporters.JUnitReportReporter -->
<testsuite hostname="LAPTOP-T51A3O5O" failures="0" tests="5" name="RequiredMethods.Class1" time="0.021" errors="0" timestamp="2022-10-29T22:03:00 IST" skipped="0">
  <testcase classname="RequiredMethods.Class1" name="Z" time="0.002"/>
  <system-out/>
  <testcase classname="RequiredMethods.Class1" name="SA" time="0.001"/>
  <system-out/>
  <testcase classname="RequiredMethods.Class1" name="A" time="0.013"/>
  <system-out/>
  <testcase classname="RequiredMethods.Class1" name="P" time="0.001"/>
  <system-out/>
  <testcase classname="RequiredMethods.Class1" name="Ch" time="0.004"/>
  <system-out/>
</testsuite> <!-- RequiredMethods.Class1 -->
