<?xml version="1.0" encoding="UTF-8"?>
<!-- Generated by org.testng.reporters.JUnitReportReporter -->
<testsuite hostname="LAPTOP-T51A3O5O" failures="0" tests="4" name="RequiredMethods.Class2" time="0.016" errors="0" timestamp="2022-10-29T22:02:27 IST" skipped="0">
  <testcase classname="RequiredMethods.Class2" name="J" time="0.002"/>
  <system-out/>
  <testcase classname="RequiredMethods.Class2" name="C" time="0.010"/>
  <system-out/>
  <testcase classname="RequiredMethods.Class2" name="In" time="0.002"/>
  <system-out/>
  <testcase classname="RequiredMethods.Class2" name="I" time="0.002"/>
  <system-out/>
</testsuite> <!-- RequiredMethods.Class2 -->
