<?xml version="1.0" encoding="UTF-8"?>
<!-- Generated by org.testng.reporters.JUnitReportReporter -->
<testsuite hostname="LAPTOP-T51A3O5O" failures="0" tests="1" name="WriteDataintoExcel.WritngData" time="1.043" errors="0" timestamp="2022-11-02T22:01:25 IST" skipped="0">
  <testcase classname="WriteDataintoExcel.WritngData" name="excelwrite" time="1.043"/>
  <system-out/>
</testsuite> <!-- WriteDataintoExcel.WritngData -->
