<?xml version="1.0" encoding="UTF-8"?>
<!-- Generated by org.testng.reporters.JUnitReportReporter -->
<testsuite hostname="LAPTOP-T51A3O5O" failures="0" tests="1" name="ReadDatafromExcel.MutipleRead" time="0.860" errors="0" timestamp="2022-11-01T22:05:41 IST" skipped="0">
  <testcase classname="ReadDatafromExcel.MutipleRead" name="multiread" time="0.860"/>
  <system-out/>
</testsuite> <!-- ReadDatafromExcel.MutipleRead -->
