<?xml version="1.0" encoding="UTF-8"?>
<!-- Generated by org.testng.reporters.JUnitReportReporter -->
<testsuite hostname="LAPTOP-T51A3O5O" failures="0" tests="1" name="ReadDatafromExcel.Readit" time="0.800" errors="0" timestamp="2022-11-01T21:31:51 IST" skipped="0">
  <testcase classname="ReadDatafromExcel.Readit" name="readingdata" time="0.800"/>
  <system-out/>
</testsuite> <!-- ReadDatafromExcel.Readit -->
