<?xml version="1.0" encoding="UTF-8"?>
<!-- Generated by org.testng.reporters.JUnitReportReporter -->
<testsuite hostname="LAPTOP-T51A3O5O" failures="0" tests="2" name="RerunFailed.Class2" time="0.015" errors="0" timestamp="2022-10-29T21:50:29 IST" skipped="0">
  <testcase classname="RerunFailed.Class2" name="J" time="0.001"/>
  <system-out/>
  <testcase classname="RerunFailed.Class2" name="C" time="0.014"/>
  <system-out/>
</testsuite> <!-- RerunFailed.Class2 -->
