<?xml version="1.0" encoding="UTF-8"?>
<!-- Generated by org.testng.reporters.JUnitReportReporter -->
<testsuite hostname="LAPTOP-T51A3O5O" failures="0" tests="1" name="ReadDatafromExcel.ReaditUsernamepassword" time="5.735" errors="0" timestamp="2022-11-01T21:44:09 IST" skipped="0">
  <testcase classname="ReadDatafromExcel.ReaditUsernamepassword" name="readingdata" time="5.735"/>
  <system-out/>
</testsuite> <!-- ReadDatafromExcel.ReaditUsernamepassword -->
