<?xml version="1.0" encoding="UTF-8"?>
<!-- Generated by org.testng.reporters.JUnitReportReporter -->
<testsuite hostname="LAPTOP-T51A3O5O" failures="0" tests="1" name="Annotations1.Anno2" time="0.010" errors="0" timestamp="2022-10-29T21:38:03 IST" skipped="0">
  <testcase classname="Annotations1.Anno2" name="f" time="0.010"/>
  <system-out/>
</testsuite> <!-- Annotations1.Anno2 -->
