<?xml version="1.0" encoding="UTF-8"?>
<!-- Generated by org.testng.reporters.JUnitReportReporter -->
<testsuite hostname="LAPTOP-T51A3O5O" failures="0" tests="8" name="TestNGPack.PriorityClass4" time="0.026" errors="0" timestamp="2022-10-29T21:25:43 IST" skipped="0">
  <testcase classname="TestNGPack.PriorityClass4" name="b" time="0.001"/>
  <system-out/>
  <testcase classname="TestNGPack.PriorityClass4" name="B" time="0.007"/>
  <system-out/>
  <testcase classname="TestNGPack.PriorityClass4" name="M1" time="0.001"/>
  <system-out/>
  <testcase classname="TestNGPack.PriorityClass4" name="K" time="0.003"/>
  <system-out/>
  <testcase classname="TestNGPack.PriorityClass4" name="M" time="0.002"/>
  <system-out/>
  <testcase classname="TestNGPack.PriorityClass4" name="I" time="0.004"/>
  <system-out/>
  <testcase classname="TestNGPack.PriorityClass4" name="A" time="0.005"/>
  <system-out/>
  <testcase classname="TestNGPack.PriorityClass4" name="j" time="0.003"/>
  <system-out/>
</testsuite> <!-- TestNGPack.PriorityClass4 -->
