<?xml version="1.0" encoding="UTF-8"?>
<!-- Generated by org.testng.reporters.JUnitReportReporter -->
<testsuite hostname="LAPTOP-T51A3O5O" failures="0" tests="1" name="Xpath1.Startswith1" time="6.925" errors="0" timestamp="2022-11-03T21:52:19 IST" skipped="0">
  <testcase classname="Xpath1.Startswith1" name="Startscheck" time="6.925"/>
  <system-out/>
</testsuite> <!-- Xpath1.Startswith1 -->
