<?xml version="1.0" encoding="UTF-8"?>
<!-- Generated by org.testng.reporters.JUnitReportReporter -->
<testsuite hostname="LAPTOP-T51A3O5O" failures="0" tests="1" name="Xpath1.Xpathrelatuve" time="5.390" errors="0" timestamp="2022-11-03T21:37:31 IST" skipped="0">
  <testcase classname="Xpath1.Xpathrelatuve" name="relativexpath" time="5.390"/>
  <system-out/>
</testsuite> <!-- Xpath1.Xpathrelatuve -->
