<?xml version="1.0" encoding="UTF-8"?>
<!-- Generated by org.testng.reporters.JUnitReportReporter -->
<testsuite hostname="LAPTOP-T51A3O5O" failures="0" tests="1" name="Xpath1.Xpathabsoulte1" time="6.115" errors="0" timestamp="2022-11-03T21:27:20 IST" skipped="0">
  <testcase classname="Xpath1.Xpathabsoulte1" name="abousltexpath" time="6.115"/>
  <system-out/>
</testsuite> <!-- Xpath1.Xpathabsoulte1 -->
