<?xml version="1.0" encoding="UTF-8"?>
<!-- Generated by org.testng.reporters.JUnitReportReporter -->
<testsuite hostname="LAPTOP-T51A3O5O" failures="0" tests="3" name="TestNGPack.TestNGClass" time="0.016" errors="0" timestamp="2022-10-29T21:25:43 IST" skipped="0">
  <testcase classname="TestNGPack.TestNGClass" name="TC01" time="0.012"/>
  <system-out/>
  <testcase classname="TestNGPack.TestNGClass" name="TC02" time="0.001"/>
  <system-out/>
  <testcase classname="TestNGPack.TestNGClass" name="TC03" time="0.003"/>
  <system-out/>
</testsuite> <!-- TestNGPack.TestNGClass -->
